Arguments: 
  /opt/homebrew/Cellar/node/15.11.0/bin/node /opt/homebrew/bin/yarn add -D serve

PATH: 
  /opt/homebrew/opt/mysql-client/bin:/opt/homebrew/bin:/Users/hanalabs/google-cloud-sdk/bin:/usr/local/bin:/usr/local/sbin:/Users/hanalabs/Library/Android/sdk/tools:/Users/hanalabs/Library/Android/sdk/platform-tools:/Users/hanalabs/Library/Android/sdk:/Users/hanalabs/Downloads/cocos2d-x-3.15.1/templates:/Users/hanalabs/Downloads:/Users/hanalabs/Downloads/cocos2d-x-3.15.1/tools/cocos2d-console/bin:/Users/hanalabs/.nvm/versions/node/v14.15.4/bin:/Library/Frameworks/Python.framework/Versions/3.5/bin:/Library/Frameworks/Python.framework/Versions/3.8/bin:/usr/local/bin:/usr/bin:/bin:/usr/sbin:/sbin:/Applications/VMware Fusion.app/Contents/Public:/usr/local/go/bin:/opt/X11/bin:/Library/Apple/usr/bin:/opt/homebrew/opt/mysql-client/bin:/opt/homebrew/bin:/Users/hanalabs/google-cloud-sdk/bin:/usr/local/sbin:/Users/hanalabs/Library/Android/sdk/tools:/Users/hanalabs/Library/Android/sdk/platform-tools:/Users/hanalabs/Library/Android/sdk:/Users/hanalabs/Downloads/cocos2d-x-3.15.1/templates:/Users/hanalabs/Downloads:/Users/hanalabs/Downloads/cocos2d-x-3.15.1/tools/cocos2d-console/bin:/Users/hanalabs/.nvm/versions/node/v14.15.4/bin:/Library/Frameworks/Python.framework/Versions/3.5/bin:/Library/Frameworks/Python.framework/Versions/3.8/bin:/Users/hanalabs/Library/Python/2.7/bin:/Users/hanalabs/.rvm/bin:/Users/hanalabs/Library/Android/sdk/tools:/Users/hanalabs/Library/Android/sdk/platform-tools:/Users/hanalabs/Library/Python/2.7/bin:/Users/hanalabs/.rvm/bin

Yarn version: 
  1.22.10

Node version: 
  15.11.0

Platform: 
  darwin arm64

Trace: 
  SyntaxError: /Users/hanalabs/Documents/workspace/wonnone/home/package.json: Unexpected token } in JSON at position 71
      at JSON.parse (<anonymous>)
      at /Users/hanalabs/.config/yarn/global/node_modules/yarn/lib/cli.js:1625:59
      at Generator.next (<anonymous>)
      at step (/Users/hanalabs/.config/yarn/global/node_modules/yarn/lib/cli.js:310:30)
      at /Users/hanalabs/.config/yarn/global/node_modules/yarn/lib/cli.js:321:13

npm manifest: 
  {
    "name": "home",
    "version": "1.0.0",
    "scripts": {
      "start"
    },
    "main": "index.js",
    "repository": "https://github.com/wonnone/home.git",
    "author": "Juwon Jeong <2jw0718@gmail.com>",
    "license": "MIT"
  }

yarn manifest: 
  No manifest

Lockfile: 
  No lockfile
